::1 - - [15/Jul/2017:18:04:22 +0800] "GET /phpmyadmin HTTP/1.1" 301 241
::1 - - [15/Jul/2017:18:04:22 +0800] "GET /phpmyadmin/ HTTP/1.1" 200 7972
::1 - - [15/Jul/2017:18:04:23 +0800] "GET /phpmyadmin/themes/pmahomme/jquery/jquery-ui-1.9.2.custom.css HTTP/1.1" 200 32278
::1 - - [15/Jul/2017:18:04:23 +0800] "GET /phpmyadmin/js/get_scripts.js.php?scripts[]=jquery/jquery-1.8.3.js&scripts[]=ajax.js&scripts[]=keyhandler.js&scripts[]=jquery/jquery-ui-1.9.2.custom.js&scripts[]=jquery/jquery.sprintf.js&scripts[]=jquery/jquery.cookie.js&scripts[]=jquery/jquery.mousewheel.js&scripts[]=jquery/jquery.event.drag-2.2.js&scripts[]=jquery/jquery-ui-timepicker-addon.js&scripts[]=jquery/jquery.ba-hashchange-1.3.js&scripts[]=jquery/jquery.debounce-1.0.5.js&scripts[]=jquery/jquery.menuResizer-1.0.js&scripts[]=rte.js&scripts[]=functions.js&scripts[]=navigation.js&scripts[]=indexes.js&scripts[]=common.js&scripts[]=codemirror/lib/codemirror.js&scripts[]=codemirror/mode/mysql/mysql.js HTTP/1.1" 200 578562
::1 - - [15/Jul/2017:18:04:23 +0800] "GET /phpmyadmin/phpmyadmin.css.php?server=1&token=f18b524ea8d2cf5c5b2494f794409ee5&nocache=4125131112ltr HTTP/1.1" 200 88608
::1 - - [15/Jul/2017:18:04:23 +0800] "GET /phpmyadmin/js/get_image.js.php?theme=pmahomme HTTP/1.1" 200 6263
::1 - - [15/Jul/2017:18:04:24 +0800] "GET /phpmyadmin/themes/pmahomme/img/logo_right.png HTTP/1.1" 200 4548
::1 - - [15/Jul/2017:18:04:24 +0800] "GET /phpmyadmin/themes/dot.gif HTTP/1.1" 200 43
::1 - - [15/Jul/2017:18:04:23 +0800] "GET /phpmyadmin/js/messages.php?lang=zh_TW&db=&server=0&token=ed51309c2060c6eea659b8ef9a24355e HTTP/1.1" 200 16674
::1 - - [15/Jul/2017:18:04:24 +0800] "GET /phpmyadmin/themes/pmahomme/img/sprites.png HTTP/1.1" 200 61899
::1 - - [15/Jul/2017:18:04:24 +0800] "GET /phpmyadmin/favicon.ico HTTP/1.1" 200 18902
::1 - - [15/Jul/2017:18:07:53 +0800] "GET /phpmyadmin/ HTTP/1.1" 200 7972
::1 - - [15/Jul/2017:18:07:53 +0800] "GET /phpmyadmin/phpmyadmin.css.php?server=1&token=25ece6d91f80729f1335a25dc99894f8&nocache=4125131112ltr HTTP/1.1" 200 88608
::1 - - [15/Jul/2017:18:07:53 +0800] "GET /phpmyadmin/js/messages.php?lang=zh_TW&db=&server=0&token=f18b524ea8d2cf5c5b2494f794409ee5 HTTP/1.1" 200 16674
::1 - - [15/Jul/2017:20:14:43 +0800] "GET / HTTP/1.1" 200 77706
::1 - - [15/Jul/2017:20:14:43 +0800] "GET /style.css HTTP/1.1" 200 3041
::1 - - [15/Jul/2017:20:14:43 +0800] "GET /images/header.png HTTP/1.1" 200 7766
::1 - - [15/Jul/2017:20:14:43 +0800] "GET /index.php?=PHPE9568F34-D428-11d2-A769-00AA001ACF42 HTTP/1.1" 200 2524
::1 - - [15/Jul/2017:20:14:43 +0800] "GET /index.php?=PHPE9568F35-D428-11d2-A769-00AA001ACF42 HTTP/1.1" 200 2146
::1 - - [15/Jul/2017:20:14:43 +0800] "GET /images/background.jpg HTTP/1.1" 200 12386
::1 - - [15/Jul/2017:20:14:43 +0800] "GET /images/menuleft.jpg HTTP/1.1" 200 11236
::1 - - [15/Jul/2017:20:14:43 +0800] "GET /images/menu.jpg HTTP/1.1" 200 11219
::1 - - [15/Jul/2017:20:14:43 +0800] "GET /images/topcontent.jpg HTTP/1.1" 200 11578
::1 - - [15/Jul/2017:20:14:43 +0800] "GET /images/menuright.jpg HTTP/1.1" 200 11239
::1 - - [15/Jul/2017:20:14:43 +0800] "GET /images/content.jpg HTTP/1.1" 200 11916
::1 - - [15/Jul/2017:20:14:43 +0800] "GET /images/banner.jpg HTTP/1.1" 200 38149
::1 - - [15/Jul/2017:20:14:43 +0800] "GET /favicon.ico HTTP/1.1" 404 209
::1 - - [15/Jul/2017:20:14:45 +0800] "GET /Lab05/Lab05_1a.php HTTP/1.1" 200 1769
