2017-06-08 12:52:32 8952 [Note] Plugin 'FEDERATED' is disabled.
2017-06-08 12:52:32 8952 [Note] InnoDB: The InnoDB memory heap is disabled
2017-06-08 12:52:32 8952 [Note] InnoDB: Mutexes and rw_locks use Windows interlocked functions
2017-06-08 12:52:32 8952 [Note] InnoDB: Compressed tables use zlib 1.2.3
2017-06-08 12:52:32 8952 [Note] InnoDB: Not using CPU crc32 instructions
2017-06-08 12:52:32 8952 [Note] InnoDB: Initializing buffer pool, size = 128.0M
2017-06-08 12:52:32 8952 [Note] InnoDB: Completed initialization of buffer pool
2017-06-08 12:52:32 8952 [Note] InnoDB: Highest supported file format is Barracuda.
2017-06-08 12:52:32 8952 [Note] InnoDB: The log sequence numbers 1626134 and 1626134 in ibdata files do not match the log sequence number 1663602 in the ib_logfiles!
2017-06-08 12:52:32 8952 [Note] InnoDB: Database was not shutdown normally!
2017-06-08 12:52:32 8952 [Note] InnoDB: Starting crash recovery.
2017-06-08 12:52:32 8952 [Note] InnoDB: Reading tablespace information from the .ibd files...
2017-06-08 12:52:33 8952 [Note] InnoDB: Restoring possible half-written data pages 
2017-06-08 12:52:33 8952 [Note] InnoDB: from the doublewrite buffer...
2017-06-08 12:52:33 8952 [Note] InnoDB: 128 rollback segment(s) are active.
2017-06-08 12:52:33 8952 [Note] InnoDB: Waiting for purge to start
2017-06-08 12:52:33 8952 [Note] InnoDB: 5.6.13 started; log sequence number 1663602
2017-06-08 12:52:33 8952 [Note] Server hostname (bind-address): '*'; port: 3307
2017-06-08 12:52:33 8952 [Note] IPv6 is available.
2017-06-08 12:52:33 8952 [Note]   - '::' resolves to '::';
2017-06-08 12:52:33 8952 [Note] Server socket created on IP: '::'.
2017-06-08 12:52:33 8952 [ERROR] Can't start server: Bind on TCP/IP port: No such file or directory
2017-06-08 12:52:33 8952 [ERROR] Do you already have another mysqld server running on port: 3307 ?
2017-06-08 12:52:33 8952 [ERROR] Aborting

2017-06-08 12:52:33 8952 [Note] Binlog end
2017-06-08 12:52:33 8952 [Note] Shutting down plugin 'partition'
2017-06-08 12:52:33 8952 [Note] Shutting down plugin 'PERFORMANCE_SCHEMA'
2017-06-08 12:52:33 8952 [Note] Shutting down plugin 'INNODB_SYS_DATAFILES'
2017-06-08 12:52:33 8952 [Note] Shutting down plugin 'INNODB_SYS_TABLESPACES'
2017-06-08 12:52:33 8952 [Note] Shutting down plugin 'INNODB_SYS_FOREIGN_COLS'
2017-06-08 12:52:33 8952 [Note] Shutting down plugin 'INNODB_SYS_FOREIGN'
2017-06-08 12:52:33 8952 [Note] Shutting down plugin 'INNODB_SYS_FIELDS'
2017-06-08 12:52:33 8952 [Note] Shutting down plugin 'INNODB_SYS_COLUMNS'
2017-06-08 12:52:33 8952 [Note] Shutting down plugin 'INNODB_SYS_INDEXES'
2017-06-08 12:52:33 8952 [Note] Shutting down plugin 'INNODB_SYS_TABLESTATS'
2017-06-08 12:52:33 8952 [Note] Shutting down plugin 'INNODB_SYS_TABLES'
2017-06-08 12:52:33 8952 [Note] Shutting down plugin 'INNODB_FT_INDEX_TABLE'
2017-06-08 12:52:33 8952 [Note] Shutting down plugin 'INNODB_FT_INDEX_CACHE'
2017-06-08 12:52:33 8952 [Note] Shutting down plugin 'INNODB_FT_CONFIG'
2017-06-08 12:52:33 8952 [Note] Shutting down plugin 'INNODB_FT_BEING_DELETED'
2017-06-08 12:52:33 8952 [Note] Shutting down plugin 'INNODB_FT_DELETED'
2017-06-08 12:52:33 8952 [Note] Shutting down plugin 'INNODB_FT_DEFAULT_STOPWORD'
2017-06-08 12:52:33 8952 [Note] Shutting down plugin 'INNODB_METRICS'
2017-06-08 12:52:33 8952 [Note] Shutting down plugin 'INNODB_BUFFER_POOL_STATS'
2017-06-08 12:52:33 8952 [Note] Shutting down plugin 'INNODB_BUFFER_PAGE_LRU'
2017-06-08 12:52:33 8952 [Note] Shutting down plugin 'INNODB_BUFFER_PAGE'
2017-06-08 12:52:33 8952 [Note] Shutting down plugin 'INNODB_CMP_PER_INDEX_RESET'
2017-06-08 12:52:33 8952 [Note] Shutting down plugin 'INNODB_CMP_PER_INDEX'
2017-06-08 12:52:33 8952 [Note] Shutting down plugin 'INNODB_CMPMEM_RESET'
2017-06-08 12:52:33 8952 [Note] Shutting down plugin 'INNODB_CMPMEM'
2017-06-08 12:52:33 8952 [Note] Shutting down plugin 'INNODB_CMP_RESET'
2017-06-08 12:52:33 8952 [Note] Shutting down plugin 'INNODB_CMP'
2017-06-08 12:52:33 8952 [Note] Shutting down plugin 'INNODB_LOCK_WAITS'
2017-06-08 12:52:33 8952 [Note] Shutting down plugin 'INNODB_LOCKS'
2017-06-08 12:52:33 8952 [Note] Shutting down plugin 'INNODB_TRX'
2017-06-08 12:52:33 8952 [Note] Shutting down plugin 'InnoDB'
2017-06-08 12:52:33 8952 [Note] InnoDB: FTS optimize thread exiting.
2017-06-08 12:52:33 8952 [Note] InnoDB: Starting shutdown...
2017-06-08 12:52:35 8952 [Note] InnoDB: Shutdown completed; log sequence number 1663612
2017-06-08 12:52:35 8952 [Note] Shutting down plugin 'BLACKHOLE'
2017-06-08 12:52:35 8952 [Note] Shutting down plugin 'ARCHIVE'
2017-06-08 12:52:35 8952 [Note] Shutting down plugin 'MRG_MYISAM'
2017-06-08 12:52:35 8952 [Note] Shutting down plugin 'MyISAM'
2017-06-08 12:52:35 8952 [Note] Shutting down plugin 'MEMORY'
2017-06-08 12:52:35 8952 [Note] Shutting down plugin 'CSV'
2017-06-08 12:52:35 8952 [Note] Shutting down plugin 'sha256_password'
2017-06-08 12:52:35 8952 [Note] Shutting down plugin 'mysql_old_password'
2017-06-08 12:52:35 8952 [Note] Shutting down plugin 'mysql_native_password'
2017-06-08 12:52:35 8952 [Note] Shutting down plugin 'binlog'
2017-06-08 12:52:35 8952 [Note] E:\Program\USBWebserver v8.6/mysql/bin/mysqld_usbwv8.exe: Shutdown complete

2017-06-08 12:53:32 6432 [Note] Plugin 'FEDERATED' is disabled.
2017-06-08 12:53:32 6432 [Note] InnoDB: The InnoDB memory heap is disabled
2017-06-08 12:53:32 6432 [Note] InnoDB: Mutexes and rw_locks use Windows interlocked functions
2017-06-08 12:53:32 6432 [Note] InnoDB: Compressed tables use zlib 1.2.3
2017-06-08 12:53:32 6432 [Note] InnoDB: Not using CPU crc32 instructions
2017-06-08 12:53:32 6432 [Note] InnoDB: Initializing buffer pool, size = 128.0M
2017-06-08 12:53:32 6432 [Note] InnoDB: Completed initialization of buffer pool
2017-06-08 12:53:32 6432 [Note] InnoDB: Highest supported file format is Barracuda.
2017-06-08 12:53:32 6432 [Note] InnoDB: 128 rollback segment(s) are active.
2017-06-08 12:53:32 6432 [Note] InnoDB: Waiting for purge to start
2017-06-08 12:53:32 6432 [Note] InnoDB: 5.6.13 started; log sequence number 1663612
2017-06-08 12:53:32 6432 [Note] Server hostname (bind-address): '*'; port: 3307
2017-06-08 12:53:32 6432 [Note] IPv6 is available.
2017-06-08 12:53:32 6432 [Note]   - '::' resolves to '::';
2017-06-08 12:53:32 6432 [Note] Server socket created on IP: '::'.
2017-06-08 12:53:32 6432 [ERROR] Can't start server: Bind on TCP/IP port: No such file or directory
2017-06-08 12:53:32 6432 [ERROR] Do you already have another mysqld server running on port: 3307 ?
2017-06-08 12:53:32 6432 [ERROR] Aborting

2017-06-08 12:53:32 6432 [Note] Binlog end
2017-06-08 12:53:32 6432 [Note] Shutting down plugin 'partition'
2017-06-08 12:53:32 6432 [Note] Shutting down plugin 'PERFORMANCE_SCHEMA'
2017-06-08 12:53:32 6432 [Note] Shutting down plugin 'INNODB_SYS_DATAFILES'
2017-06-08 12:53:32 6432 [Note] Shutting down plugin 'INNODB_SYS_TABLESPACES'
2017-06-08 12:53:32 6432 [Note] Shutting down plugin 'INNODB_SYS_FOREIGN_COLS'
2017-06-08 12:53:32 6432 [Note] Shutting down plugin 'INNODB_SYS_FOREIGN'
2017-06-08 12:53:32 6432 [Note] Shutting down plugin 'INNODB_SYS_FIELDS'
2017-06-08 12:53:32 6432 [Note] Shutting down plugin 'INNODB_SYS_COLUMNS'
2017-06-08 12:53:32 6432 [Note] Shutting down plugin 'INNODB_SYS_INDEXES'
2017-06-08 12:53:32 6432 [Note] Shutting down plugin 'INNODB_SYS_TABLESTATS'
2017-06-08 12:53:32 6432 [Note] Shutting down plugin 'INNODB_SYS_TABLES'
2017-06-08 12:53:32 6432 [Note] Shutting down plugin 'INNODB_FT_INDEX_TABLE'
2017-06-08 12:53:32 6432 [Note] Shutting down plugin 'INNODB_FT_INDEX_CACHE'
2017-06-08 12:53:32 6432 [Note] Shutting down plugin 'INNODB_FT_CONFIG'
2017-06-08 12:53:32 6432 [Note] Shutting down plugin 'INNODB_FT_BEING_DELETED'
2017-06-08 12:53:32 6432 [Note] Shutting down plugin 'INNODB_FT_DELETED'
2017-06-08 12:53:32 6432 [Note] Shutting down plugin 'INNODB_FT_DEFAULT_STOPWORD'
2017-06-08 12:53:32 6432 [Note] Shutting down plugin 'INNODB_METRICS'
2017-06-08 12:53:32 6432 [Note] Shutting down plugin 'INNODB_BUFFER_POOL_STATS'
2017-06-08 12:53:32 6432 [Note] Shutting down plugin 'INNODB_BUFFER_PAGE_LRU'
2017-06-08 12:53:32 6432 [Note] Shutting down plugin 'INNODB_BUFFER_PAGE'
2017-06-08 12:53:32 6432 [Note] Shutting down plugin 'INNODB_CMP_PER_INDEX_RESET'
2017-06-08 12:53:32 6432 [Note] Shutting down plugin 'INNODB_CMP_PER_INDEX'
2017-06-08 12:53:32 6432 [Note] Shutting down plugin 'INNODB_CMPMEM_RESET'
2017-06-08 12:53:32 6432 [Note] Shutting down plugin 'INNODB_CMPMEM'
2017-06-08 12:53:32 6432 [Note] Shutting down plugin 'INNODB_CMP_RESET'
2017-06-08 12:53:32 6432 [Note] Shutting down plugin 'INNODB_CMP'
2017-06-08 12:53:32 6432 [Note] Shutting down plugin 'INNODB_LOCK_WAITS'
2017-06-08 12:53:32 6432 [Note] Shutting down plugin 'INNODB_LOCKS'
2017-06-08 12:53:32 6432 [Note] Shutting down plugin 'INNODB_TRX'
2017-06-08 12:53:32 6432 [Note] Shutting down plugin 'InnoDB'
2017-06-08 12:53:32 6432 [Note] InnoDB: FTS optimize thread exiting.
2017-06-08 12:53:32 6432 [Note] InnoDB: Starting shutdown...
2017-06-08 12:53:34 6432 [Note] InnoDB: Shutdown completed; log sequence number 1663622
2017-06-08 12:53:34 6432 [Note] Shutting down plugin 'BLACKHOLE'
2017-06-08 12:53:34 6432 [Note] Shutting down plugin 'ARCHIVE'
2017-06-08 12:53:34 6432 [Note] Shutting down plugin 'MRG_MYISAM'
2017-06-08 12:53:34 6432 [Note] Shutting down plugin 'MyISAM'
2017-06-08 12:53:34 6432 [Note] Shutting down plugin 'MEMORY'
2017-06-08 12:53:34 6432 [Note] Shutting down plugin 'CSV'
2017-06-08 12:53:34 6432 [Note] Shutting down plugin 'sha256_password'
2017-06-08 12:53:34 6432 [Note] Shutting down plugin 'mysql_old_password'
2017-06-08 12:53:34 6432 [Note] Shutting down plugin 'mysql_native_password'
2017-06-08 12:53:34 6432 [Note] Shutting down plugin 'binlog'
2017-06-08 12:53:34 6432 [Note] E:\Program\USBWebserver v8.6/mysql/bin/mysqld_usbwv8.exe: Shutdown complete

2017-06-08 12:55:59 5428 [Note] Plugin 'FEDERATED' is disabled.
2017-06-08 12:55:59 5428 [Note] InnoDB: The InnoDB memory heap is disabled
2017-06-08 12:55:59 5428 [Note] InnoDB: Mutexes and rw_locks use Windows interlocked functions
2017-06-08 12:55:59 5428 [Note] InnoDB: Compressed tables use zlib 1.2.3
2017-06-08 12:55:59 5428 [Note] InnoDB: Not using CPU crc32 instructions
2017-06-08 12:55:59 5428 [Note] InnoDB: Initializing buffer pool, size = 128.0M
2017-06-08 12:55:59 5428 [Note] InnoDB: Completed initialization of buffer pool
2017-06-08 12:55:59 5428 [Note] InnoDB: Highest supported file format is Barracuda.
2017-06-08 12:55:59 5428 [Note] InnoDB: 128 rollback segment(s) are active.
2017-06-08 12:55:59 5428 [Note] InnoDB: Waiting for purge to start
2017-06-08 12:55:59 5428 [Note] InnoDB: 5.6.13 started; log sequence number 1663622
2017-06-08 12:55:59 5428 [Note] Server hostname (bind-address): '*'; port: 3307
2017-06-08 12:55:59 5428 [Note] IPv6 is available.
2017-06-08 12:55:59 5428 [Note]   - '::' resolves to '::';
2017-06-08 12:55:59 5428 [Note] Server socket created on IP: '::'.
2017-06-08 12:55:59 5428 [ERROR] Can't start server: Bind on TCP/IP port: No such file or directory
2017-06-08 12:55:59 5428 [ERROR] Do you already have another mysqld server running on port: 3307 ?
2017-06-08 12:55:59 5428 [ERROR] Aborting

2017-06-08 12:55:59 5428 [Note] Binlog end
2017-06-08 12:55:59 5428 [Note] Shutting down plugin 'partition'
2017-06-08 12:55:59 5428 [Note] Shutting down plugin 'PERFORMANCE_SCHEMA'
2017-06-08 12:55:59 5428 [Note] Shutting down plugin 'INNODB_SYS_DATAFILES'
2017-06-08 12:55:59 5428 [Note] Shutting down plugin 'INNODB_SYS_TABLESPACES'
2017-06-08 12:55:59 5428 [Note] Shutting down plugin 'INNODB_SYS_FOREIGN_COLS'
2017-06-08 12:55:59 5428 [Note] Shutting down plugin 'INNODB_SYS_FOREIGN'
2017-06-08 12:55:59 5428 [Note] Shutting down plugin 'INNODB_SYS_FIELDS'
2017-06-08 12:55:59 5428 [Note] Shutting down plugin 'INNODB_SYS_COLUMNS'
2017-06-08 12:55:59 5428 [Note] Shutting down plugin 'INNODB_SYS_INDEXES'
2017-06-08 12:55:59 5428 [Note] Shutting down plugin 'INNODB_SYS_TABLESTATS'
2017-06-08 12:55:59 5428 [Note] Shutting down plugin 'INNODB_SYS_TABLES'
2017-06-08 12:55:59 5428 [Note] Shutting down plugin 'INNODB_FT_INDEX_TABLE'
2017-06-08 12:55:59 5428 [Note] Shutting down plugin 'INNODB_FT_INDEX_CACHE'
2017-06-08 12:55:59 5428 [Note] Shutting down plugin 'INNODB_FT_CONFIG'
2017-06-08 12:55:59 5428 [Note] Shutting down plugin 'INNODB_FT_BEING_DELETED'
2017-06-08 12:55:59 5428 [Note] Shutting down plugin 'INNODB_FT_DELETED'
2017-06-08 12:55:59 5428 [Note] Shutting down plugin 'INNODB_FT_DEFAULT_STOPWORD'
2017-06-08 12:55:59 5428 [Note] Shutting down plugin 'INNODB_METRICS'
2017-06-08 12:55:59 5428 [Note] Shutting down plugin 'INNODB_BUFFER_POOL_STATS'
2017-06-08 12:55:59 5428 [Note] Shutting down plugin 'INNODB_BUFFER_PAGE_LRU'
2017-06-08 12:55:59 5428 [Note] Shutting down plugin 'INNODB_BUFFER_PAGE'
2017-06-08 12:55:59 5428 [Note] Shutting down plugin 'INNODB_CMP_PER_INDEX_RESET'
2017-06-08 12:55:59 5428 [Note] Shutting down plugin 'INNODB_CMP_PER_INDEX'
2017-06-08 12:55:59 5428 [Note] Shutting down plugin 'INNODB_CMPMEM_RESET'
2017-06-08 12:55:59 5428 [Note] Shutting down plugin 'INNODB_CMPMEM'
2017-06-08 12:55:59 5428 [Note] Shutting down plugin 'INNODB_CMP_RESET'
2017-06-08 12:55:59 5428 [Note] Shutting down plugin 'INNODB_CMP'
2017-06-08 12:55:59 5428 [Note] Shutting down plugin 'INNODB_LOCK_WAITS'
2017-06-08 12:55:59 5428 [Note] Shutting down plugin 'INNODB_LOCKS'
2017-06-08 12:55:59 5428 [Note] Shutting down plugin 'INNODB_TRX'
2017-06-08 12:55:59 5428 [Note] Shutting down plugin 'InnoDB'
2017-06-08 12:55:59 5428 [Note] InnoDB: FTS optimize thread exiting.
2017-06-08 12:55:59 5428 [Note] InnoDB: Starting shutdown...
2017-06-08 12:56:01 5428 [Note] InnoDB: Shutdown completed; log sequence number 1663632
2017-06-08 12:56:01 5428 [Note] Shutting down plugin 'BLACKHOLE'
2017-06-08 12:56:01 5428 [Note] Shutting down plugin 'ARCHIVE'
2017-06-08 12:56:01 5428 [Note] Shutting down plugin 'MRG_MYISAM'
2017-06-08 12:56:01 5428 [Note] Shutting down plugin 'MyISAM'
2017-06-08 12:56:01 5428 [Note] Shutting down plugin 'MEMORY'
2017-06-08 12:56:01 5428 [Note] Shutting down plugin 'CSV'
2017-06-08 12:56:01 5428 [Note] Shutting down plugin 'sha256_password'
2017-06-08 12:56:01 5428 [Note] Shutting down plugin 'mysql_old_password'
2017-06-08 12:56:01 5428 [Note] Shutting down plugin 'mysql_native_password'
2017-06-08 12:56:01 5428 [Note] Shutting down plugin 'binlog'
2017-06-08 12:56:01 5428 [Note] E:\Program\USBWebserver v8.6/mysql/bin/mysqld_usbwv8.exe: Shutdown complete

2017-06-20 16:24:27 9164 [Note] Plugin 'FEDERATED' is disabled.
2017-06-20 16:24:27 9164 [Note] InnoDB: The InnoDB memory heap is disabled
2017-06-20 16:24:27 9164 [Note] InnoDB: Mutexes and rw_locks use Windows interlocked functions
2017-06-20 16:24:27 9164 [Note] InnoDB: Compressed tables use zlib 1.2.3
2017-06-20 16:24:27 9164 [Note] InnoDB: Not using CPU crc32 instructions
2017-06-20 16:24:27 9164 [Note] InnoDB: Initializing buffer pool, size = 128.0M
2017-06-20 16:24:27 9164 [Note] InnoDB: Completed initialization of buffer pool
2017-06-20 16:24:27 9164 [Note] InnoDB: Highest supported file format is Barracuda.
2017-06-20 16:24:27 9164 [Note] InnoDB: The log sequence numbers 1663632 and 1663632 in ibdata files do not match the log sequence number 1708843 in the ib_logfiles!
2017-06-20 16:24:27 9164 [Note] InnoDB: Database was not shutdown normally!
2017-06-20 16:24:27 9164 [Note] InnoDB: Starting crash recovery.
2017-06-20 16:24:27 9164 [Note] InnoDB: Reading tablespace information from the .ibd files...
2017-06-20 16:24:27 9164 [Note] InnoDB: Restoring possible half-written data pages 
2017-06-20 16:24:27 9164 [Note] InnoDB: from the doublewrite buffer...
2017-06-20 16:24:27 9164 [Note] InnoDB: 128 rollback segment(s) are active.
2017-06-20 16:24:27 9164 [Note] InnoDB: Waiting for purge to start
2017-06-20 16:24:27 9164 [Note] InnoDB: 5.6.13 started; log sequence number 1708843
2017-06-20 16:24:27 9164 [Note] Server hostname (bind-address): '*'; port: 3307
2017-06-20 16:24:27 9164 [Note] IPv6 is available.
2017-06-20 16:24:27 9164 [Note]   - '::' resolves to '::';
2017-06-20 16:24:27 9164 [Note] Server socket created on IP: '::'.
2017-06-20 16:24:28 9164 [Note] Event Scheduler: Loaded 0 events
2017-06-20 16:24:28 9164 [Note] E:\Program\USBWebserver v8.6/mysql/bin/mysqld_usbwv8.exe: ready for connections.
Version: '5.6.13'  socket: ''  port: 3307  MySQL Community Server (GPL)
2017-07-08 19:46:52 428 [Note] Plugin 'FEDERATED' is disabled.
2017-07-08 19:46:52 428 [Note] InnoDB: The InnoDB memory heap is disabled
2017-07-08 19:46:52 428 [Note] InnoDB: Mutexes and rw_locks use Windows interlocked functions
2017-07-08 19:46:52 428 [Note] InnoDB: Compressed tables use zlib 1.2.3
2017-07-08 19:46:52 428 [Note] InnoDB: Not using CPU crc32 instructions
2017-07-08 19:46:52 428 [Note] InnoDB: Initializing buffer pool, size = 128.0M
2017-07-08 19:46:52 428 [Note] InnoDB: Completed initialization of buffer pool
2017-07-08 19:46:52 428 [Note] InnoDB: Highest supported file format is Barracuda.
2017-07-08 19:46:52 428 [Note] InnoDB: The log sequence numbers 1663632 and 1663632 in ibdata files do not match the log sequence number 2912438 in the ib_logfiles!
2017-07-08 19:46:52 428 [Note] InnoDB: Database was not shutdown normally!
2017-07-08 19:46:52 428 [Note] InnoDB: Starting crash recovery.
2017-07-08 19:46:52 428 [Note] InnoDB: Reading tablespace information from the .ibd files...
2017-07-08 19:46:52 428 [Note] InnoDB: Restoring possible half-written data pages 
2017-07-08 19:46:52 428 [Note] InnoDB: from the doublewrite buffer...
2017-07-08 19:46:53 428 [Note] InnoDB: 128 rollback segment(s) are active.
2017-07-08 19:46:53 428 [Note] InnoDB: Waiting for purge to start
2017-07-08 19:46:53 428 [Note] InnoDB: 5.6.13 started; log sequence number 2912438
2017-07-08 19:46:53 428 [Note] Server hostname (bind-address): '*'; port: 3307
2017-07-08 19:46:53 428 [Note] IPv6 is available.
2017-07-08 19:46:53 428 [Note]   - '::' resolves to '::';
2017-07-08 19:46:53 428 [Note] Server socket created on IP: '::'.
