2017-05-28 19:28:59 24156 [Note] Plugin 'FEDERATED' is disabled.
2017-05-28 19:28:59 24156 [Note] InnoDB: The InnoDB memory heap is disabled
2017-05-28 19:28:59 24156 [Note] InnoDB: Mutexes and rw_locks use Windows interlocked functions
2017-05-28 19:28:59 24156 [Note] InnoDB: Compressed tables use zlib 1.2.3
2017-05-28 19:28:59 24156 [Note] InnoDB: Not using CPU crc32 instructions
2017-05-28 19:28:59 24156 [Note] InnoDB: Initializing buffer pool, size = 128.0M
2017-05-28 19:28:59 24156 [Note] InnoDB: Completed initialization of buffer pool
2017-05-28 19:28:59 24156 [Note] InnoDB: Setting log file H:\USBWebserver v8.6\mysql\data\ib_logfile101 size to 5 MB
2017-05-28 19:28:59 24156 [Note] InnoDB: Setting log file H:\USBWebserver v8.6\mysql\data\ib_logfile1 size to 5 MB
2017-05-28 19:28:59 24156 [Note] InnoDB: Renaming log file H:\USBWebserver v8.6\mysql\data\ib_logfile101 to H:\USBWebserver v8.6\mysql\data\ib_logfile0
2017-05-28 19:28:59 24156 [Warning] InnoDB: New log files created, LSN=1626134
2017-05-28 19:28:59 24156 [Note] InnoDB: Highest supported file format is Barracuda.
2017-05-28 19:28:59 24156 [Note] InnoDB: 128 rollback segment(s) are active.
2017-05-28 19:28:59 24156 [Note] InnoDB: Waiting for purge to start
2017-05-28 19:28:59 24156 [Note] InnoDB: 5.6.13 started; log sequence number 1626636
2017-05-28 19:28:59 24156 [Warning] No existing UUID has been found, so we assume that this is the first time that this server has been started. Generating a new UUID: d8160daa-4398-11e7-90fb-902b34627599.
2017-05-28 19:28:59 24156 [Note] Server hostname (bind-address): '*'; port: 3307
2017-05-28 19:28:59 24156 [Note] IPv6 is available.
2017-05-28 19:28:59 24156 [Note]   - '::' resolves to '::';
2017-05-28 19:28:59 24156 [Note] Server socket created on IP: '::'.
2017-05-28 20:32:01 19452 [Note] Plugin 'FEDERATED' is disabled.
2017-05-28 20:32:01 19452 [Note] InnoDB: The InnoDB memory heap is disabled
2017-05-28 20:32:01 19452 [Note] InnoDB: Mutexes and rw_locks use Windows interlocked functions
2017-05-28 20:32:01 19452 [Note] InnoDB: Compressed tables use zlib 1.2.3
2017-05-28 20:32:01 19452 [Note] InnoDB: Not using CPU crc32 instructions
2017-05-28 20:32:01 19452 [Note] InnoDB: Initializing buffer pool, size = 128.0M
2017-05-28 20:32:01 19452 [Note] InnoDB: Completed initialization of buffer pool
2017-05-28 20:32:01 19452 [Note] InnoDB: Highest supported file format is Barracuda.
2017-05-28 20:32:01 19452 [Note] InnoDB: The log sequence numbers 1626134 and 1626134 in ibdata files do not match the log sequence number 1626646 in the ib_logfiles!
2017-05-28 20:32:01 19452 [Note] InnoDB: Database was not shutdown normally!
2017-05-28 20:32:01 19452 [Note] InnoDB: Starting crash recovery.
2017-05-28 20:32:01 19452 [Note] InnoDB: Reading tablespace information from the .ibd files...
2017-05-28 20:32:01 19452 [Note] InnoDB: Restoring possible half-written data pages 
2017-05-28 20:32:01 19452 [Note] InnoDB: from the doublewrite buffer...
2017-05-28 20:32:01 19452 [Note] InnoDB: 128 rollback segment(s) are active.
2017-05-28 20:32:01 19452 [Note] InnoDB: Waiting for purge to start
2017-05-28 20:32:01 19452 [Note] InnoDB: 5.6.13 started; log sequence number 1626646
2017-05-28 20:32:01 19452 [Note] Server hostname (bind-address): '*'; port: 3307
2017-05-28 20:32:01 19452 [Note] IPv6 is available.
2017-05-28 20:32:01 19452 [Note]   - '::' resolves to '::';
2017-05-28 20:32:01 19452 [Note] Server socket created on IP: '::'.
2017-05-28 20:32:02 19452 [Note] Event Scheduler: Loaded 0 events
2017-05-28 20:32:02 19452 [Note] H:\Program\USBWebserver v8.6/mysql/bin/mysqld_usbwv8.exe: ready for connections.
Version: '5.6.13'  socket: ''  port: 3307  MySQL Community Server (GPL)
2017-05-28 20:32:47 29392 [Note] Plugin 'FEDERATED' is disabled.
2017-05-28 20:32:47 29392 [Note] InnoDB: The InnoDB memory heap is disabled
2017-05-28 20:32:47 29392 [Note] InnoDB: Mutexes and rw_locks use Windows interlocked functions
2017-05-28 20:32:47 29392 [Note] InnoDB: Compressed tables use zlib 1.2.3
2017-05-28 20:32:47 29392 [Note] InnoDB: Not using CPU crc32 instructions
2017-05-28 20:32:47 29392 [Note] InnoDB: Initializing buffer pool, size = 128.0M
2017-05-28 20:32:47 29392 [Note] InnoDB: Completed initialization of buffer pool
2017-05-28 20:32:47 29392 [Note] InnoDB: Highest supported file format is Barracuda.
2017-05-28 20:32:47 29392 [Note] InnoDB: Log scan progressed past the checkpoint lsn 1626646
2017-05-28 20:32:47 29392 [Note] InnoDB: Database was not shutdown normally!
2017-05-28 20:32:47 29392 [Note] InnoDB: Starting crash recovery.
2017-05-28 20:32:47 29392 [Note] InnoDB: Reading tablespace information from the .ibd files...
2017-05-28 20:32:48 29392 [Note] InnoDB: Restoring possible half-written data pages 
2017-05-28 20:32:48 29392 [Note] InnoDB: from the doublewrite buffer...
InnoDB: Doing recovery: scanned up to log sequence number 1626656
2017-05-28 20:32:48 29392 [Note] InnoDB: 128 rollback segment(s) are active.
2017-05-28 20:32:48 29392 [Note] InnoDB: Waiting for purge to start
2017-05-28 20:32:48 29392 [Note] InnoDB: 5.6.13 started; log sequence number 1626656
2017-05-28 20:32:48 29392 [Note] Server hostname (bind-address): '*'; port: 3307
2017-05-28 20:32:48 29392 [Note] IPv6 is available.
2017-05-28 20:32:48 29392 [Note]   - '::' resolves to '::';
2017-05-28 20:32:48 29392 [Note] Server socket created on IP: '::'.
2017-06-02 23:20:59 5524 [Note] Plugin 'FEDERATED' is disabled.
2017-06-02 23:20:59 5524 [Note] InnoDB: The InnoDB memory heap is disabled
2017-06-02 23:20:59 5524 [Note] InnoDB: Mutexes and rw_locks use Windows interlocked functions
2017-06-02 23:20:59 5524 [Note] InnoDB: Compressed tables use zlib 1.2.3
2017-06-02 23:20:59 5524 [Note] InnoDB: Not using CPU crc32 instructions
2017-06-02 23:20:59 5524 [Note] InnoDB: Initializing buffer pool, size = 128.0M
2017-06-02 23:20:59 5524 [Note] InnoDB: Completed initialization of buffer pool
2017-06-02 23:20:59 5524 [Note] InnoDB: Highest supported file format is Barracuda.
2017-06-02 23:20:59 5524 [Note] InnoDB: The log sequence numbers 1626134 and 1626134 in ibdata files do not match the log sequence number 1651180 in the ib_logfiles!
2017-06-02 23:20:59 5524 [Note] InnoDB: Database was not shutdown normally!
2017-06-02 23:20:59 5524 [Note] InnoDB: Starting crash recovery.
2017-06-02 23:20:59 5524 [Note] InnoDB: Reading tablespace information from the .ibd files...
2017-06-02 23:20:59 5524 [Note] InnoDB: Restoring possible half-written data pages 
2017-06-02 23:20:59 5524 [Note] InnoDB: from the doublewrite buffer...
2017-06-02 23:20:59 5524 [Note] InnoDB: 128 rollback segment(s) are active.
2017-06-02 23:20:59 5524 [Note] InnoDB: Waiting for purge to start
2017-06-02 23:20:59 5524 [Note] InnoDB: 5.6.13 started; log sequence number 1651180
2017-06-02 23:20:59 5524 [Note] Server hostname (bind-address): '*'; port: 3307
2017-06-02 23:20:59 5524 [Note] IPv6 is available.
2017-06-02 23:20:59 5524 [Note]   - '::' resolves to '::';
2017-06-02 23:20:59 5524 [Note] Server socket created on IP: '::'.
2017-06-15 23:09:44 8204 [Note] Plugin 'FEDERATED' is disabled.
2017-06-15 23:09:44 8204 [Note] InnoDB: The InnoDB memory heap is disabled
2017-06-15 23:09:44 8204 [Note] InnoDB: Mutexes and rw_locks use Windows interlocked functions
2017-06-15 23:09:44 8204 [Note] InnoDB: Compressed tables use zlib 1.2.3
2017-06-15 23:09:44 8204 [Note] InnoDB: Not using CPU crc32 instructions
2017-06-15 23:09:44 8204 [Note] InnoDB: Initializing buffer pool, size = 128.0M
2017-06-15 23:09:44 8204 [Note] InnoDB: Completed initialization of buffer pool
2017-06-15 23:09:44 8204 [Note] InnoDB: Highest supported file format is Barracuda.
2017-06-15 23:09:44 8204 [Note] InnoDB: The log sequence numbers 1663632 and 1663632 in ibdata files do not match the log sequence number 1674252 in the ib_logfiles!
2017-06-15 23:09:44 8204 [Note] InnoDB: Database was not shutdown normally!
2017-06-15 23:09:44 8204 [Note] InnoDB: Starting crash recovery.
2017-06-15 23:09:44 8204 [Note] InnoDB: Reading tablespace information from the .ibd files...
2017-06-15 23:09:44 8204 [Note] InnoDB: Restoring possible half-written data pages 
2017-06-15 23:09:44 8204 [Note] InnoDB: from the doublewrite buffer...
2017-06-15 23:09:44 8204 [Note] InnoDB: 128 rollback segment(s) are active.
2017-06-15 23:09:44 8204 [Note] InnoDB: Waiting for purge to start
2017-06-15 23:09:44 8204 [Note] InnoDB: 5.6.13 started; log sequence number 1674252
2017-06-15 23:09:44 8204 [Note] Server hostname (bind-address): '*'; port: 3307
2017-06-15 23:09:44 8204 [Note] IPv6 is available.
2017-06-15 23:09:44 8204 [Note]   - '::' resolves to '::';
2017-06-15 23:09:44 8204 [Note] Server socket created on IP: '::'.
2017-06-16 21:52:39 6892 [Note] Plugin 'FEDERATED' is disabled.
2017-06-16 21:52:39 6892 [Note] InnoDB: The InnoDB memory heap is disabled
2017-06-16 21:52:39 6892 [Note] InnoDB: Mutexes and rw_locks use Windows interlocked functions
2017-06-16 21:52:39 6892 [Note] InnoDB: Compressed tables use zlib 1.2.3
2017-06-16 21:52:39 6892 [Note] InnoDB: Not using CPU crc32 instructions
2017-06-16 21:52:39 6892 [Note] InnoDB: Initializing buffer pool, size = 128.0M
2017-06-16 21:52:39 6892 [Note] InnoDB: Completed initialization of buffer pool
2017-06-16 21:52:39 6892 [Note] InnoDB: Highest supported file format is Barracuda.
2017-06-16 21:52:39 6892 [Note] InnoDB: The log sequence numbers 1663632 and 1663632 in ibdata files do not match the log sequence number 1708833 in the ib_logfiles!
2017-06-16 21:52:39 6892 [Note] InnoDB: Database was not shutdown normally!
2017-06-16 21:52:39 6892 [Note] InnoDB: Starting crash recovery.
2017-06-16 21:52:39 6892 [Note] InnoDB: Reading tablespace information from the .ibd files...
2017-06-16 21:52:39 6892 [Note] InnoDB: Restoring possible half-written data pages 
2017-06-16 21:52:39 6892 [Note] InnoDB: from the doublewrite buffer...
2017-06-16 21:52:40 6892 [Note] InnoDB: 128 rollback segment(s) are active.
2017-06-16 21:52:40 6892 [Note] InnoDB: Waiting for purge to start
2017-06-16 21:52:40 6892 [Note] InnoDB: 5.6.13 started; log sequence number 1708833
2017-06-16 21:52:40 6892 [Note] Server hostname (bind-address): '*'; port: 3307
2017-06-16 21:52:40 6892 [Note] IPv6 is available.
2017-06-16 21:52:40 6892 [Note]   - '::' resolves to '::';
2017-06-16 21:52:40 6892 [Note] Server socket created on IP: '::'.
2017-06-20 22:29:15 16424 [Note] Plugin 'FEDERATED' is disabled.
2017-06-20 22:29:15 16424 [Note] InnoDB: The InnoDB memory heap is disabled
2017-06-20 22:29:15 16424 [Note] InnoDB: Mutexes and rw_locks use Windows interlocked functions
2017-06-20 22:29:15 16424 [Note] InnoDB: Compressed tables use zlib 1.2.3
2017-06-20 22:29:15 16424 [Note] InnoDB: Not using CPU crc32 instructions
2017-06-20 22:29:15 16424 [Note] InnoDB: Initializing buffer pool, size = 128.0M
2017-06-20 22:29:15 16424 [Note] InnoDB: Completed initialization of buffer pool
2017-06-20 22:29:15 16424 [Note] InnoDB: Highest supported file format is Barracuda.
2017-06-20 22:29:15 16424 [Note] InnoDB: The log sequence numbers 1663632 and 1663632 in ibdata files do not match the log sequence number 1708853 in the ib_logfiles!
2017-06-20 22:29:15 16424 [Note] InnoDB: Database was not shutdown normally!
2017-06-20 22:29:15 16424 [Note] InnoDB: Starting crash recovery.
2017-06-20 22:29:15 16424 [Note] InnoDB: Reading tablespace information from the .ibd files...
2017-06-20 22:29:15 16424 [Note] InnoDB: Restoring possible half-written data pages 
2017-06-20 22:29:15 16424 [Note] InnoDB: from the doublewrite buffer...
2017-06-20 22:29:15 16424 [Note] InnoDB: 128 rollback segment(s) are active.
2017-06-20 22:29:15 16424 [Note] InnoDB: Waiting for purge to start
2017-06-20 22:29:16 16424 [Note] InnoDB: 5.6.13 started; log sequence number 1708853
2017-06-20 22:29:16 16424 [Note] Server hostname (bind-address): '*'; port: 3307
2017-06-20 22:29:16 16424 [Note] IPv6 is available.
2017-06-20 22:29:16 16424 [Note]   - '::' resolves to '::';
2017-06-20 22:29:16 16424 [Note] Server socket created on IP: '::'.
2017-06-20 22:29:16 16424 [Note] Event Scheduler: Loaded 0 events
2017-06-20 22:29:16 16424 [Note] N:\Program\USBWebserver v8.6/mysql/bin/mysqld_usbwv8.exe: ready for connections.
Version: '5.6.13'  socket: ''  port: 3307  MySQL Community Server (GPL)
2017-06-22 00:09:53 1148 [Note] Plugin 'FEDERATED' is disabled.
2017-06-22 00:09:53 1148 [Note] InnoDB: The InnoDB memory heap is disabled
2017-06-22 00:09:53 1148 [Note] InnoDB: Mutexes and rw_locks use Windows interlocked functions
2017-06-22 00:09:53 1148 [Note] InnoDB: Compressed tables use zlib 1.2.3
2017-06-22 00:09:53 1148 [Note] InnoDB: Not using CPU crc32 instructions
2017-06-22 00:09:53 1148 [Note] InnoDB: Initializing buffer pool, size = 128.0M
2017-06-22 00:09:53 1148 [Note] InnoDB: Completed initialization of buffer pool
2017-06-22 00:09:53 1148 [Note] InnoDB: Highest supported file format is Barracuda.
2017-06-22 00:09:53 1148 [Note] InnoDB: The log sequence numbers 1663632 and 1663632 in ibdata files do not match the log sequence number 1708863 in the ib_logfiles!
2017-06-22 00:09:53 1148 [Note] InnoDB: Database was not shutdown normally!
2017-06-22 00:09:53 1148 [Note] InnoDB: Starting crash recovery.
2017-06-22 00:09:53 1148 [Note] InnoDB: Reading tablespace information from the .ibd files...
2017-06-22 00:09:53 1148 [Note] InnoDB: Restoring possible half-written data pages 
2017-06-22 00:09:53 1148 [Note] InnoDB: from the doublewrite buffer...
2017-06-22 00:09:54 1148 [Note] InnoDB: 128 rollback segment(s) are active.
2017-06-22 00:09:54 1148 [Note] InnoDB: Waiting for purge to start
2017-06-22 00:09:54 1148 [Note] InnoDB: 5.6.13 started; log sequence number 1708863
2017-06-22 00:09:54 1148 [Note] Server hostname (bind-address): '*'; port: 3307
2017-06-22 00:09:54 1148 [Note] IPv6 is available.
2017-06-22 00:09:54 1148 [Note]   - '::' resolves to '::';
2017-06-22 00:09:54 1148 [Note] Server socket created on IP: '::'.
2017-06-22 00:09:54 1148 [Note] Event Scheduler: Loaded 0 events
2017-06-22 00:09:54 1148 [Note] N:\Program\USBWebserver v8.6/mysql/bin/mysqld_usbwv8.exe: ready for connections.
Version: '5.6.13'  socket: ''  port: 3307  MySQL Community Server (GPL)
2017-07-08 03:00:39 15908 [Note] Plugin 'FEDERATED' is disabled.
2017-07-08 03:00:39 15908 [Note] InnoDB: The InnoDB memory heap is disabled
2017-07-08 03:00:39 15908 [Note] InnoDB: Mutexes and rw_locks use Windows interlocked functions
2017-07-08 03:00:39 15908 [Note] InnoDB: Compressed tables use zlib 1.2.3
2017-07-08 03:00:39 15908 [Note] InnoDB: Not using CPU crc32 instructions
2017-07-08 03:00:39 15908 [Note] InnoDB: Initializing buffer pool, size = 128.0M
2017-07-08 03:00:40 15908 [Note] InnoDB: Completed initialization of buffer pool
2017-07-08 03:00:40 15908 [Note] InnoDB: Highest supported file format is Barracuda.
2017-07-08 03:00:40 15908 [Note] InnoDB: The log sequence numbers 1663632 and 1663632 in ibdata files do not match the log sequence number 1708903 in the ib_logfiles!
2017-07-08 03:00:40 15908 [Note] InnoDB: Database was not shutdown normally!
2017-07-08 03:00:40 15908 [Note] InnoDB: Starting crash recovery.
2017-07-08 03:00:40 15908 [Note] InnoDB: Reading tablespace information from the .ibd files...
2017-07-08 03:00:40 15908 [Note] InnoDB: Restoring possible half-written data pages 
2017-07-08 03:00:40 15908 [Note] InnoDB: from the doublewrite buffer...
2017-07-08 03:00:41 15908 [Note] InnoDB: 128 rollback segment(s) are active.
2017-07-08 03:00:41 15908 [Note] InnoDB: Waiting for purge to start
2017-07-08 03:00:41 15908 [Note] InnoDB: 5.6.13 started; log sequence number 1708903
2017-07-08 03:00:41 15908 [Note] Server hostname (bind-address): '*'; port: 3307
2017-07-08 03:00:41 15908 [Note] IPv6 is available.
2017-07-08 03:00:41 15908 [Note]   - '::' resolves to '::';
2017-07-08 03:00:41 15908 [Note] Server socket created on IP: '::'.
2017-07-08 19:34:23 9740 [Note] Plugin 'FEDERATED' is disabled.
2017-07-08 19:34:23 9740 [Note] InnoDB: The InnoDB memory heap is disabled
2017-07-08 19:34:23 9740 [Note] InnoDB: Mutexes and rw_locks use Windows interlocked functions
2017-07-08 19:34:23 9740 [Note] InnoDB: Compressed tables use zlib 1.2.3
2017-07-08 19:34:23 9740 [Note] InnoDB: Not using CPU crc32 instructions
2017-07-08 19:34:23 9740 [Note] InnoDB: Initializing buffer pool, size = 128.0M
2017-07-08 19:34:23 9740 [Note] InnoDB: Completed initialization of buffer pool
2017-07-08 19:34:23 9740 [Note] InnoDB: Highest supported file format is Barracuda.
2017-07-08 19:34:23 9740 [Note] InnoDB: The log sequence numbers 1663632 and 1663632 in ibdata files do not match the log sequence number 2912428 in the ib_logfiles!
2017-07-08 19:34:23 9740 [Note] InnoDB: Database was not shutdown normally!
2017-07-08 19:34:23 9740 [Note] InnoDB: Starting crash recovery.
2017-07-08 19:34:23 9740 [Note] InnoDB: Reading tablespace information from the .ibd files...
2017-07-08 19:34:23 9740 [Note] InnoDB: Restoring possible half-written data pages 
2017-07-08 19:34:23 9740 [Note] InnoDB: from the doublewrite buffer...
2017-07-08 19:34:24 9740 [Note] InnoDB: 128 rollback segment(s) are active.
2017-07-08 19:34:24 9740 [Note] InnoDB: Waiting for purge to start
2017-07-08 19:34:24 9740 [Note] InnoDB: 5.6.13 started; log sequence number 2912428
2017-07-08 19:34:24 9740 [Note] Server hostname (bind-address): '*'; port: 3307
2017-07-08 19:34:24 9740 [Note] IPv6 is available.
2017-07-08 19:34:24 9740 [Note]   - '::' resolves to '::';
2017-07-08 19:34:24 9740 [Note] Server socket created on IP: '::'.
2017-07-15 18:03:57 21696 [Note] Plugin 'FEDERATED' is disabled.
2017-07-15 18:03:57 21696 [Note] InnoDB: The InnoDB memory heap is disabled
2017-07-15 18:03:57 21696 [Note] InnoDB: Mutexes and rw_locks use Windows interlocked functions
2017-07-15 18:03:57 21696 [Note] InnoDB: Compressed tables use zlib 1.2.3
2017-07-15 18:03:57 21696 [Note] InnoDB: Not using CPU crc32 instructions
2017-07-15 18:03:57 21696 [Note] InnoDB: Initializing buffer pool, size = 128.0M
2017-07-15 18:03:57 21696 [Note] InnoDB: Completed initialization of buffer pool
2017-07-15 18:03:57 21696 [Note] InnoDB: Highest supported file format is Barracuda.
2017-07-15 18:03:57 21696 [Note] InnoDB: The log sequence numbers 1663632 and 1663632 in ibdata files do not match the log sequence number 2913519 in the ib_logfiles!
2017-07-15 18:03:57 21696 [Note] InnoDB: Database was not shutdown normally!
2017-07-15 18:03:57 21696 [Note] InnoDB: Starting crash recovery.
2017-07-15 18:03:57 21696 [Note] InnoDB: Reading tablespace information from the .ibd files...
2017-07-15 18:03:57 21696 [Note] InnoDB: Restoring possible half-written data pages 
2017-07-15 18:03:57 21696 [Note] InnoDB: from the doublewrite buffer...
2017-07-15 18:03:57 21696 [Note] InnoDB: 128 rollback segment(s) are active.
2017-07-15 18:03:57 21696 [Note] InnoDB: Waiting for purge to start
2017-07-15 18:03:57 21696 [Note] InnoDB: 5.6.13 started; log sequence number 2913519
2017-07-15 18:03:57 21696 [Note] Server hostname (bind-address): '*'; port: 3307
2017-07-15 18:03:57 21696 [Note] IPv6 is available.
2017-07-15 18:03:57 21696 [Note]   - '::' resolves to '::';
2017-07-15 18:03:57 21696 [Note] Server socket created on IP: '::'.
