2017-06-16 09:50:16 8628 [Note] Plugin 'FEDERATED' is disabled.
2017-06-16 09:50:17 8628 [Note] InnoDB: The InnoDB memory heap is disabled
2017-06-16 09:50:17 8628 [Note] InnoDB: Mutexes and rw_locks use Windows interlocked functions
2017-06-16 09:50:17 8628 [Note] InnoDB: Compressed tables use zlib 1.2.3
2017-06-16 09:50:17 8628 [Note] InnoDB: Not using CPU crc32 instructions
2017-06-16 09:50:17 8628 [Note] InnoDB: Initializing buffer pool, size = 128.0M
2017-06-16 09:50:17 8628 [Note] InnoDB: Completed initialization of buffer pool
2017-06-16 09:50:17 8628 [Note] InnoDB: Highest supported file format is Barracuda.
2017-06-16 09:50:17 8628 [Note] InnoDB: The log sequence numbers 1663632 and 1663632 in ibdata files do not match the log sequence number 1708588 in the ib_logfiles!
2017-06-16 09:50:17 8628 [Note] InnoDB: Database was not shutdown normally!
2017-06-16 09:50:17 8628 [Note] InnoDB: Starting crash recovery.
2017-06-16 09:50:17 8628 [Note] InnoDB: Reading tablespace information from the .ibd files...
2017-06-16 09:50:17 8628 [Note] InnoDB: Restoring possible half-written data pages 
2017-06-16 09:50:17 8628 [Note] InnoDB: from the doublewrite buffer...
2017-06-16 09:50:17 8628 [Note] InnoDB: 128 rollback segment(s) are active.
2017-06-16 09:50:17 8628 [Note] InnoDB: Waiting for purge to start
2017-06-16 09:50:17 8628 [Note] InnoDB: 5.6.13 started; log sequence number 1708588
2017-06-16 09:50:17 8628 [Note] Server hostname (bind-address): '*'; port: 3307
2017-06-16 09:50:17 8628 [Note] IPv6 is available.
2017-06-16 09:50:17 8628 [Note]   - '::' resolves to '::';
2017-06-16 09:50:17 8628 [Note] Server socket created on IP: '::'.
2017-06-16 09:50:18 8628 [Note] Event Scheduler: Loaded 0 events
2017-06-16 09:50:18 8628 [Note] E:\Program\USBWebserver v8.6/mysql/bin/mysqld_usbwv8.exe: ready for connections.
Version: '5.6.13'  socket: ''  port: 3307  MySQL Community Server (GPL)
2017-06-16 10:16:32 8004 [Note] Plugin 'FEDERATED' is disabled.
2017-06-16 10:16:32 8004 [Note] InnoDB: The InnoDB memory heap is disabled
2017-06-16 10:16:32 8004 [Note] InnoDB: Mutexes and rw_locks use Windows interlocked functions
2017-06-16 10:16:32 8004 [Note] InnoDB: Compressed tables use zlib 1.2.3
2017-06-16 10:16:32 8004 [Note] InnoDB: Not using CPU crc32 instructions
2017-06-16 10:16:32 8004 [Note] InnoDB: Initializing buffer pool, size = 128.0M
2017-06-16 10:16:32 8004 [Note] InnoDB: Completed initialization of buffer pool
2017-06-16 10:16:32 8004 [Note] InnoDB: Highest supported file format is Barracuda.
2017-06-16 10:16:32 8004 [Note] InnoDB: The log sequence numbers 1663632 and 1663632 in ibdata files do not match the log sequence number 1708598 in the ib_logfiles!
2017-06-16 10:16:32 8004 [Note] InnoDB: Database was not shutdown normally!
2017-06-16 10:16:32 8004 [Note] InnoDB: Starting crash recovery.
2017-06-16 10:16:32 8004 [Note] InnoDB: Reading tablespace information from the .ibd files...
2017-06-16 10:16:32 8004 [Note] InnoDB: Restoring possible half-written data pages 
2017-06-16 10:16:32 8004 [Note] InnoDB: from the doublewrite buffer...
2017-06-16 10:16:33 8004 [Note] InnoDB: 128 rollback segment(s) are active.
2017-06-16 10:16:33 8004 [Note] InnoDB: Waiting for purge to start
2017-06-16 10:16:33 8004 [Note] InnoDB: 5.6.13 started; log sequence number 1708598
2017-06-16 10:16:33 8004 [Note] Server hostname (bind-address): '*'; port: 3307
2017-06-16 10:16:33 8004 [Note] IPv6 is available.
2017-06-16 10:16:33 8004 [Note]   - '::' resolves to '::';
2017-06-16 10:16:33 8004 [Note] Server socket created on IP: '::'.
